# JRE version: Java(TM) SE Runtime Environment (8.0_231-b11) (build 1.8.0_231-b11)
# Java VM: Java HotSpot(TM) 64-Bit Server VM (25.231-b11 mixed mode windows-amd64 compressed oops)
Heap:
 PSYoungGen      total 287744K, used 278724K [0x00000000d5580000, 0x00000000fdf00000, 0x0000000100000000)
  eden space 232960K, 96% used [0x00000000d5580000,0x00000000e30a9388,0x00000000e3900000)
  from space 54784K, 99% used [0x00000000e3900000,0x00000000e6e07fa8,0x00000000e6e80000)
  to   space 216064K, 0% used [0x00000000f0c00000,0x00000000f0c00000,0x00000000fdf00000)
 ParOldGen       total 488448K, used 211800K [0x0000000080000000, 0x000000009dd00000, 0x00000000d5580000)
  object space 488448K, 43% used [0x0000000080000000,0x000000008ced6148,0x000000009dd00000)
 Metaspace       used 124699K, capacity 133762K, committed 134016K, reserved 1165312K
  class space    used 15510K, capacity 17360K, committed 17536K, reserved 1048576K
GC Heap History (10 events):
Event: 1271.083 GC heap before
{Heap before GC invocations=124 (full 14):
 PSYoungGen      total 465920K, used 238805K [0x00000000d5580000, 0x0000000100000000, 0x0000000100000000)
  eden space 232960K, 100% used [0x00000000d5580000,0x00000000e3900000,0x00000000e3900000)
  from space 232960K, 2% used [0x00000000e3900000,0x00000000e3eb56c8,0x00000000f1c80000)
  to   space 232960K, 0% used [0x00000000f1c80000,0x00000000f1c80000,0x0000000100000000)
 ParOldGen       total 607744K, used 511295K [0x0000000080000000, 0x00000000a5180000, 0x00000000d5580000)
  object space 607744K, 84% used [0x0000000080000000,0x000000009f34fed8,0x00000000a5180000)
 Metaspace       used 123876K, capacity 132808K, committed 133248K, reserved 1165312K
  class space    used 15393K, capacity 17204K, committed 17536K, reserved 1048576K
Event: 1271.103 GC heap after
Heap after GC invocations=124 (full 14):
 PSYoungGen      total 465920K, used 13440K [0x00000000d5580000, 0x0000000100000000, 0x0000000100000000)
  eden space 232960K, 0% used [0x00000000d5580000,0x00000000d5580000,0x00000000e3900000)
  from space 232960K, 5% used [0x00000000f1c80000,0x00000000f29a0020,0x0000000100000000)
  to   space 232960K, 0% used [0x00000000e3900000,0x00000000e3900000,0x00000000f1c80000)
 ParOldGen       total 607744K, used 516754K [0x0000000080000000, 0x00000000a5180000, 0x00000000d5580000)
  object space 607744K, 85% used [0x0000000080000000,0x000000009f8a4af8,0x00000000a5180000)
 Metaspace       used 123876K, capacity 132808K, committed 133248K, reserved 1165312K
  class space    used 15393K, capacity 17204K, committed 17536K, reserved 1048576K
}
Event: 1271.747 GC heap before
{Heap before GC invocations=125 (full 14):
 PSYoungGen      total 465920K, used 246400K [0x00000000d5580000, 0x0000000100000000, 0x0000000100000000)
  eden space 232960K, 100% used [0x00000000d5580000,0x00000000e3900000,0x00000000e3900000)
  from space 232960K, 5% used [0x00000000f1c80000,0x00000000f29a0020,0x0000000100000000)
  to   space 232960K, 0% used [0x00000000e3900000,0x00000000e3900000,0x00000000f1c80000)
 ParOldGen       total 607744K, used 516754K [0x0000000080000000, 0x00000000a5180000, 0x00000000d5580000)
  object space 607744K, 85% used [0x0000000080000000,0x000000009f8a4af8,0x00000000a5180000)
 Metaspace       used 123981K, capacity 132938K, committed 133504K, reserved 1165312K
  class space    used 15408K, capacity 17239K, committed 17536K, reserved 1048576K
Event: 1271.761 GC heap after
Heap after GC invocations=125 (full 14):
 PSYoungGen      total 465920K, used 8928K [0x00000000d5580000, 0x0000000100000000, 0x0000000100000000)
  eden space 232960K, 0% used [0x00000000d5580000,0x00000000d5580000,0x00000000e3900000)
  from space 232960K, 3% used [0x00000000e3900000,0x00000000e41b8218,0x00000000f1c80000)
  to   space 232960K, 0% used [0x00000000f1c80000,0x00000000f1c80000,0x0000000100000000)
 ParOldGen       total 607744K, used 529906K [0x0000000080000000, 0x00000000a5180000, 0x00000000d5580000)
  object space 607744K, 87% used [0x0000000080000000,0x00000000a057c9c0,0x00000000a5180000)
 Metaspace       used 123981K, capacity 132938K, committed 133504K, reserved 1165312K
  class space    used 15408K, capacity 17239K, committed 17536K, reserved 1048576K
}
Event: 1272.057 GC heap before
{Heap before GC invocations=126 (full 14):
 PSYoungGen      total 465920K, used 241888K [0x00000000d5580000, 0x0000000100000000, 0x0000000100000000)
  eden space 232960K, 100% used [0x00000000d5580000,0x00000000e3900000,0x00000000e3900000)
  from space 232960K, 3% used [0x00000000e3900000,0x00000000e41b8218,0x00000000f1c80000)
  to   space 232960K, 0% used [0x00000000f1c80000,0x00000000f1c80000,0x0000000100000000)
 ParOldGen       total 607744K, used 529906K [0x0000000080000000, 0x00000000a5180000, 0x00000000d5580000)
  object space 607744K, 87% used [0x0000000080000000,0x00000000a057c9c0,0x00000000a5180000)
 Metaspace       used 124021K, capacity 133006K, committed 133504K, reserved 1165312K
  class space    used 15409K, capacity 17241K, committed 17536K, reserved 1048576K
Event: 1272.073 GC heap after
Heap after GC invocations=126 (full 14):
 PSYoungGen      total 465920K, used 3241K [0x00000000d5580000, 0x0000000100000000, 0x0000000100000000)
  eden space 232960K, 0% used [0x00000000d5580000,0x00000000d5580000,0x00000000e3900000)
  from space 232960K, 1% used [0x00000000f1c80000,0x00000000f1faa788,0x0000000100000000)
  to   space 232960K, 0% used [0x00000000e3900000,0x00000000e3900000,0x00000000f1c80000)
 ParOldGen       total 607744K, used 537391K [0x0000000080000000, 0x00000000a5180000, 0x00000000d5580000)
  object space 607744K, 88% used [0x0000000080000000,0x00000000a0ccbde0,0x00000000a5180000)
 Metaspace       used 124021K, capacity 133006K, committed 133504K, reserved 1165312K
  class space    used 15409K, capacity 17241K, committed 17536K, reserved 1048576K
}
Event: 1272.073 GC heap before
{Heap before GC invocations=127 (full 15):
 PSYoungGen      total 465920K, used 3241K [0x00000000d5580000, 0x0000000100000000, 0x0000000100000000)
  eden space 232960K, 0% used [0x00000000d5580000,0x00000000d5580000,0x00000000e3900000)
  from space 232960K, 1% used [0x00000000f1c80000,0x00000000f1faa788,0x0000000100000000)
  to   space 232960K, 0% used [0x00000000e3900000,0x00000000e3900000,0x00000000f1c80000)
 ParOldGen       total 607744K, used 537391K [0x0000000080000000, 0x00000000a5180000, 0x00000000d5580000)
  object space 607744K, 88% used [0x0000000080000000,0x00000000a0ccbde0,0x00000000a5180000)
 Metaspace       used 124021K, capacity 133006K, committed 133504K, reserved 1165312K
  class space    used 15409K, capacity 17241K, committed 17536K, reserved 1048576K
Event: 1272.440 GC heap after
Heap after GC invocations=127 (full 15):
 PSYoungGen      total 465920K, used 0K [0x00000000d5580000, 0x0000000100000000, 0x0000000100000000)
  eden space 232960K, 0% used [0x00000000d5580000,0x00000000d5580000,0x00000000e3900000)
  from space 232960K, 0% used [0x00000000f1c80000,0x00000000f1c80000,0x0000000100000000)
  to   space 232960K, 0% used [0x00000000e3900000,0x00000000e3900000,0x00000000f1c80000)
 ParOldGen       total 488448K, used 211792K [0x0000000080000000, 0x000000009dd00000, 0x00000000d5580000)
  object space 488448K, 43% used [0x0000000080000000,0x000000008ced4148,0x000000009dd00000)
 Metaspace       used 124021K, capacity 133006K, committed 133504K, reserved 1165312K
  class space    used 15409K, capacity 17241K, committed 17536K, reserved 1048576K
}
Event: 1287.197 GC heap before
{Heap before GC invocations=128 (full 15):
 PSYoungGen      total 465920K, used 230189K [0x00000000d5580000, 0x0000000100000000, 0x0000000100000000)
  eden space 232960K, 98% used [0x00000000d5580000,0x00000000e364b520,0x00000000e3900000)
  from space 232960K, 0% used [0x00000000f1c80000,0x00000000f1c80000,0x0000000100000000)
  to   space 232960K, 0% used [0x00000000e3900000,0x00000000e3900000,0x00000000f1c80000)
 ParOldGen       total 488448K, used 211792K [0x0000000080000000, 0x000000009dd00000, 0x00000000d5580000)
  object space 488448K, 43% used [0x0000000080000000,0x000000008ced4148,0x000000009dd00000)
 Metaspace       used 124610K, capacity 133682K, committed 134016K, reserved 1165312K
  class space    used 15504K, capacity 17358K, committed 17536K, reserved 1048576K
Event: 1287.214 GC heap after
Heap after GC invocations=128 (full 15):
 PSYoungGen      total 287744K, used 54303K [0x00000000d5580000, 0x00000000fdf00000, 0x0000000100000000)
  eden space 232960K, 0% used [0x00000000d5580000,0x00000000d5580000,0x00000000e3900000)
  from space 54784K, 99% used [0x00000000e3900000,0x00000000e6e07fa8,0x00000000e6e80000)
  to   space 216064K, 0% used [0x00000000f0c00000,0x00000000f0c00000,0x00000000fdf00000)
 ParOldGen       total 488448K, used 211800K [0x0000000080000000, 0x000000009dd00000, 0x00000000d5580000)
  object space 488448K, 43% used [0x0000000080000000,0x000000008ced6148,0x000000009dd00000)
 Metaspace       used 124610K, capacity 133682K, committed 134016K, reserved 1165312K
  class space    used 15504K, capacity 17358K, committed 17536K, reserved 1048576K
}

